c:\users\nerea\onedrive\escritorio\froggernelia\tmp\sdlx64debug\vc143.pdb
c:\users\nerea\onedrive\escritorio\froggernelia\tmp\sdlx64debug\vc143.idb
c:\users\nerea\onedrive\escritorio\froggernelia\tmp\sdlx64debug\scenemanager.obj
c:\users\nerea\onedrive\escritorio\froggernelia\tmp\sdlx64debug\rendermanager.obj
c:\users\nerea\onedrive\escritorio\froggernelia\tmp\sdlx64debug\renderer.obj
c:\users\nerea\onedrive\escritorio\froggernelia\tmp\sdlx64debug\object.obj
c:\users\nerea\onedrive\escritorio\froggernelia\tmp\sdlx64debug\mainmenuscene.obj
c:\users\nerea\onedrive\escritorio\froggernelia\tmp\sdlx64debug\inputmanager.obj
c:\users\nerea\onedrive\escritorio\froggernelia\tmp\sdlx64debug\imagerenderer.obj
c:\users\nerea\onedrive\escritorio\froggernelia\tmp\sdlx64debug\animatedimagerenderer.obj
c:\users\nerea\onedrive\escritorio\froggernelia\tmp\sdlx64debug\aabb.obj
c:\users\nerea\onedrive\escritorio\froggernelia\tmp\sdlx64debug\vector2.obj
c:\users\nerea\onedrive\escritorio\froggernelia\tmp\sdlx64debug\transform.obj
c:\users\nerea\onedrive\escritorio\froggernelia\tmp\sdlx64debug\textrenderer.obj
c:\users\nerea\onedrive\escritorio\froggernelia\tmp\sdlx64debug\textobject.obj
c:\users\nerea\onedrive\escritorio\froggernelia\tmp\sdlx64debug\splashscreenscene.obj
c:\users\nerea\onedrive\escritorio\froggernelia\tmp\sdlx64debug\turtles.obj
c:\users\nerea\onedrive\escritorio\froggernelia\tmp\sdlx64debug\tile.obj
c:\users\nerea\onedrive\escritorio\froggernelia\tmp\sdlx64debug\spawner.obj
c:\users\nerea\onedrive\escritorio\froggernelia\tmp\sdlx64debug\snake.obj
c:\users\nerea\onedrive\escritorio\froggernelia\tmp\sdlx64debug\log.obj
c:\users\nerea\onedrive\escritorio\froggernelia\tmp\sdlx64debug\food.obj
c:\users\nerea\onedrive\escritorio\froggernelia\tmp\sdlx64debug\endtileitem.obj
c:\users\nerea\onedrive\escritorio\froggernelia\tmp\sdlx64debug\divingturtles.obj
c:\users\nerea\onedrive\escritorio\froggernelia\tmp\sdlx64debug\crocodile.obj
c:\users\nerea\onedrive\escritorio\froggernelia\tmp\sdlx64debug\car.obj
c:\users\nerea\onedrive\escritorio\froggernelia\tmp\sdlx64debug\button.obj
c:\users\nerea\onedrive\escritorio\froggernelia\tmp\sdlx64debug\main.obj
c:\users\nerea\onedrive\escritorio\froggernelia\tmp\sdlx64debug\gameobject.obj
c:\users\júlia\source\repos\froggernelia1\tmp\sdlx64debug\vc143.pdb
c:\users\júlia\source\repos\froggernelia1\tmp\sdlx64debug\vc143.idb
c:\users\nerea\onedrive\escritorio\froggernelia\tmp\sdlx64debug\gameplayscene.obj
c:\users\nerea\onedrive\escritorio\froggernelia\tmp\sdlx64debug\gameengine.obj
c:\users\nerea\onedrive\escritorio\froggernelia\binaries\x64debug\sdl.exe
c:\users\nerea\onedrive\escritorio\froggernelia\tmp\sdlx64debug\sdl.ilk
c:\users\nerea\onedrive\escritorio\froggernelia\binaries\x64debug\sdl.pdb
c:\users\nerea\onedrive\escritorio\froggernelia\\binaries\x64debug\sdl.pdb
c:\users\nerea\onedrive\escritorio\froggernelia\\tmp\sdlx64debug\sdl.vcxproj.filelistabsolute.txt
c:\users\nerea\onedrive\escritorio\froggernelia\tmp\sdlx64debug\sdl.tlog\cl.command.1.tlog
c:\users\nerea\onedrive\escritorio\froggernelia\tmp\sdlx64debug\sdl.tlog\cl.read.1.tlog
c:\users\nerea\onedrive\escritorio\froggernelia\tmp\sdlx64debug\sdl.tlog\cl.write.1.tlog
c:\users\nerea\onedrive\escritorio\froggernelia\tmp\sdlx64debug\sdl.tlog\link.command.1.tlog
c:\users\nerea\onedrive\escritorio\froggernelia\tmp\sdlx64debug\sdl.tlog\link.read.1.tlog
c:\users\nerea\onedrive\escritorio\froggernelia\tmp\sdlx64debug\sdl.tlog\link.write.1.tlog
