c:\users\nereamartínez\source\repos\sdl\tmp\sdlwin32debug\vc143.pdb
c:\users\nereamartínez\source\repos\sdl\tmp\sdlwin32debug\vc143.idb
c:\users\nereamartínez\source\repos\sdl\tmp\sdlwin32debug\splashscreenscene.obj
c:\users\nereamartínez\source\repos\sdl\tmp\sdlwin32debug\scenemanager.obj
c:\users\nereamartínez\source\repos\sdl\tmp\sdlwin32debug\mainmenuscene.obj
c:\users\nereamartínez\source\repos\sdl\tmp\sdlwin32debug\main.obj
c:\users\nereamartínez\source\repos\sdl\tmp\sdlwin32debug\inputmanager.obj
c:\users\nereamartínez\source\repos\sdl\tmp\sdlwin32debug\gameobject.obj
c:\users\nereamartínez\source\repos\sdl\tmp\sdlwin32debug\gameengine.obj
c:\users\nereamartínez\source\repos\sdl\tmp\sdlwin32debug\sdl.ilk
c:\users\nereamartínez\source\repos\sdl\binaries\win32debug\sdl.exe
c:\users\nereamartínez\source\repos\sdl\binaries\win32debug\sdl.pdb
c:\users\nereamartínez\source\repos\sdl\\binaries\win32debug\sdl.pdb
c:\users\nereamartínez\source\repos\sdl\\tmp\sdlwin32debug\sdl.vcxproj.filelistabsolute.txt
c:\users\nereamartínez\source\repos\sdl\tmp\sdlwin32debug\sdl.tlog\cl.command.1.tlog
c:\users\nereamartínez\source\repos\sdl\tmp\sdlwin32debug\sdl.tlog\cl.read.1.tlog
c:\users\nereamartínez\source\repos\sdl\tmp\sdlwin32debug\sdl.tlog\cl.write.1.tlog
c:\users\nereamartínez\source\repos\sdl\tmp\sdlwin32debug\sdl.tlog\link.command.1.tlog
c:\users\nereamartínez\source\repos\sdl\tmp\sdlwin32debug\sdl.tlog\link.read.1.tlog
c:\users\nereamartínez\source\repos\sdl\tmp\sdlwin32debug\sdl.tlog\link.write.1.tlog
